{"C:\\Users\\chads\\Estudos\\Node.JS\\Exercicios de Testes\\CalcularLitros.js": {"path":"C:\\Users\\chads\\Estudos\\Node.JS\\Exercicios de Testes\\CalcularLitros.js","statementMap":{"0":{"start":{"line":2,"column":4},"end":{"line":12,"column":50}},"1":{"start":{"line":3,"column":8},"end":{"line":11,"column":54}},"2":{"start":{"line":4,"column":12},"end":{"line":10,"column":56}},"3":{"start":{"line":5,"column":16},"end":{"line":5,"column":50}},"4":{"start":{"line":6,"column":16},"end":{"line":6,"column":32}},"5":{"start":{"line":7,"column":17},"end":{"line":10,"column":56}},"6":{"start":{"line":8,"column":16},"end":{"line":8,"column":50}},"7":{"start":{"line":9,"column":16},"end":{"line":9,"column":32}},"8":{"start":{"line":10,"column":18},"end":{"line":10,"column":55}},"9":{"start":{"line":11,"column":14},"end":{"line":11,"column":53}},"10":{"start":{"line":12,"column":10},"end":{"line":12,"column":49}},"11":{"start":{"line":15,"column":0},"end":{"line":15,"column":37}}},"fnMap":{"0":{"name":"LitrosNecessários","decl":{"start":{"line":1,"column":9},"end":{"line":1,"column":26}},"loc":{"start":{"line":1,"column":62},"end":{"line":13,"column":1}},"line":1}},"branchMap":{"0":{"loc":{"start":{"line":2,"column":4},"end":{"line":12,"column":50}},"type":"if","locations":[{"start":{"line":2,"column":4},"end":{"line":12,"column":50}},{"start":{"line":12,"column":9},"end":{"line":12,"column":50}}],"line":2},"1":{"loc":{"start":{"line":3,"column":8},"end":{"line":11,"column":54}},"type":"if","locations":[{"start":{"line":3,"column":8},"end":{"line":11,"column":54}},{"start":{"line":11,"column":13},"end":{"line":11,"column":54}}],"line":3},"2":{"loc":{"start":{"line":4,"column":12},"end":{"line":10,"column":56}},"type":"if","locations":[{"start":{"line":4,"column":12},"end":{"line":10,"column":56}},{"start":{"line":7,"column":17},"end":{"line":10,"column":56}}],"line":4},"3":{"loc":{"start":{"line":7,"column":17},"end":{"line":10,"column":56}},"type":"if","locations":[{"start":{"line":7,"column":17},"end":{"line":10,"column":56}},{"start":{"line":10,"column":17},"end":{"line":10,"column":56}}],"line":7}},"s":{"0":6,"1":4,"2":3,"3":1,"4":1,"5":2,"6":1,"7":1,"8":1,"9":1,"10":2,"11":1},"f":{"0":6},"b":{"0":[4,2],"1":[3,1],"2":[1,2],"3":[1,1]},"_coverageSchema":"1a1c01bbd47fc00a2c39e90264f33305004495a9","hash":"b6462f2a935dcf6d6164c309b2df5024153528db"}
}
